0 info it worked if it ends with ok
1 verbose cli [ 'C:\\Program Files\\nodejs\\\\node.exe',
1 verbose cli   'C:\\Program Files\\nodejs\\node_modules\\npm\\bin\\npm-cli.js',
1 verbose cli   'install',
1 verbose cli   'moongose' ]
2 info using npm@1.4.28
3 info using node@v0.10.33
4 verbose node symlink C:\Program Files\nodejs\\node.exe
5 warn package.json Proyecto@0.0.1 No description
6 warn package.json Proyecto@0.0.1 No repository field.
7 warn package.json Proyecto@0.0.1 No README data
8 verbose readDependencies using package.json deps
9 verbose cache add [ 'moongose', null ]
10 verbose cache add name=undefined spec="moongose" args=["moongose",null]
11 verbose parsed url { protocol: null,
11 verbose parsed url   slashes: null,
11 verbose parsed url   auth: null,
11 verbose parsed url   host: null,
11 verbose parsed url   port: null,
11 verbose parsed url   hostname: null,
11 verbose parsed url   hash: null,
11 verbose parsed url   search: null,
11 verbose parsed url   query: null,
11 verbose parsed url   pathname: 'moongose',
11 verbose parsed url   path: 'moongose',
11 verbose parsed url   href: 'moongose' }
12 silly lockFile 61a5aea2-moongose moongose
13 verbose lock moongose C:\Users\david\AppData\Roaming\npm-cache\61a5aea2-moongose.lock
14 silly lockFile 61a5aea2-moongose moongose
15 silly lockFile 61a5aea2-moongose moongose
16 verbose addNamed [ 'moongose', '' ]
17 verbose addNamed [ null, '*' ]
18 silly lockFile 63fea7b6-moongose moongose@
19 verbose lock moongose@ C:\Users\david\AppData\Roaming\npm-cache\63fea7b6-moongose.lock
20 silly addNameRange { name: 'moongose', range: '*', hasData: false }
21 verbose request where is /moongose
22 verbose request registry https://registry.npmjs.org/
23 verbose request id a3344af22baa8530
24 verbose url raw /moongose
25 verbose url resolving [ 'https://registry.npmjs.org/', './moongose' ]
26 verbose url resolved https://registry.npmjs.org/moongose
27 verbose request where is https://registry.npmjs.org/moongose
28 info trying registry request attempt 1 at 18:07:12
29 http GET https://registry.npmjs.org/moongose
30 http 404 https://registry.npmjs.org/moongose
31 verbose headers { date: 'Tue, 31 Mar 2015 16:07:08 GMT',
31 verbose headers   server: 'CouchDB/1.5.0 (Erlang OTP/R16B03)',
31 verbose headers   'content-type': 'application/json',
31 verbose headers   'cache-control': 'max-age=0',
31 verbose headers   'content-length': '51',
31 verbose headers   'accept-ranges': 'bytes',
31 verbose headers   via: '1.1 varnish',
31 verbose headers   age: '0',
31 verbose headers   'x-served-by': 'cache-lcy1123-LCY',
31 verbose headers   'x-cache': 'MISS',
31 verbose headers   'x-cache-hits': '0',
31 verbose headers   'x-timer': 'S1427818028.236130,VS0,VE162',
31 verbose headers   'keep-alive': 'timeout=10, max=50',
31 verbose headers   connection: 'Keep-Alive' }
32 silly registry.get cb [ 404,
32 silly registry.get   { date: 'Tue, 31 Mar 2015 16:07:08 GMT',
32 silly registry.get     server: 'CouchDB/1.5.0 (Erlang OTP/R16B03)',
32 silly registry.get     'content-type': 'application/json',
32 silly registry.get     'cache-control': 'max-age=0',
32 silly registry.get     'content-length': '51',
32 silly registry.get     'accept-ranges': 'bytes',
32 silly registry.get     via: '1.1 varnish',
32 silly registry.get     age: '0',
32 silly registry.get     'x-served-by': 'cache-lcy1123-LCY',
32 silly registry.get     'x-cache': 'MISS',
32 silly registry.get     'x-cache-hits': '0',
32 silly registry.get     'x-timer': 'S1427818028.236130,VS0,VE162',
32 silly registry.get     'keep-alive': 'timeout=10, max=50',
32 silly registry.get     connection: 'Keep-Alive' } ]
33 silly lockFile 63fea7b6-moongose moongose@
34 silly lockFile 63fea7b6-moongose moongose@
35 error 404 404 Not Found: moongose
35 error 404
35 error 404 'moongose' is not in the npm registry.
35 error 404 You should bug the author to publish it
35 error 404 It was specified as a dependency of 'Proyecto'
35 error 404
35 error 404 Note that you can also install from a
35 error 404 tarball, folder, or http url, or git url.
36 error System Windows_NT 6.2.9200
37 error command "C:\\Program Files\\nodejs\\\\node.exe" "C:\\Program Files\\nodejs\\node_modules\\npm\\bin\\npm-cli.js" "install" "moongose"
38 error cwd C:\Users\david\Desktop\proyecto
39 error node -v v0.10.33
40 error npm -v 1.4.28
41 error code E404
42 verbose exit [ 1, true ]
